<?xml version="1.0" encoding="UTF-8"?>
<testsuite xmlns:xsi="http://www.w3.org/2001/XMLSchema-instance" xsi:noNamespaceSchemaLocation="https://maven.apache.org/surefire/maven-surefire-plugin/xsd/surefire-test-report-3.0.xsd" version="3.0" name="com.tvsmobileapp.testrunner.TestRunner" time="25.195" tests="1" errors="0" skipped="0" failures="1">
  <properties>
[...]
</properties>
  <testcase name="runScenario[&quot;Open the app and work on it&quot;, &quot;TVS Mobile App&quot;](1)" classname="com.tvsmobileapp.testrunner.TestRunner" time="23.65">
    <failure message="The step &apos;User click on Book a test ride button&apos; is undefined.&#10;You can implement this step using the snippet(s) below:&#10;&#10;@When(&quot;User click on Book a test ride button&quot;)&#10;public void user_click_on_book_a_test_ride_button() {&#10;    // Write code here that turns the phrase above into concrete actions&#10;    throw new io.cucumber.java.PendingException();&#10;}&#10;" type="io.cucumber.testng.UndefinedStepException"><![CDATA[io.cucumber.testng.UndefinedStepException: 
The step 'User click on Book a test ride button' is undefined.
You can implement this step using the snippet(s) below:

@When("User click on Book a test ride button")
public void user_click_on_book_a_test_ride_button() {
    // Write code here that turns the phrase above into concrete actions
    throw new io.cucumber.java.PendingException();
}

]]></failure>
    <system-out><![CDATA[
@Regression @test1
Scenario: Open the app and work on it        # src/test/resources/features/testdata.feature:5
  Given click on MotorCycle button           # com.tvsmobileapp.stepdefinitions.TvsLoginPageSteps.click_on_motor_cycle_button()
  When User click on Book a test ride button
]]></system-out>
    <system-err><![CDATA[SLF4J(W): No SLF4J providers were found.
SLF4J(W): Defaulting to no-operation (NOP) logger implementation
SLF4J(W): See https://www.slf4j.org/codes.html#noProviders for further details.
]]></system-err>
  </testcase>
</testsuite>