<?xml version="1.0" encoding="UTF-8"?>
<!-- Generated by org.testng.reporters.JUnitReportReporter -->
<testsuite hostname="DESKTOP-BHFMFMF" failures="0" tests="2" name="com.tvsmobileapp.testrunner.TestRunner" time="40.522" errors="0" timestamp="2025-10-29T21:42:01 IST" skipped="0">
  <testcase classname="com.tvsmobileapp.testrunner.TestRunner" name="runScenario" time="18.635"/>
  <testcase classname="com.tvsmobileapp.testrunner.TestRunner" name="runScenario" time="21.887"/>
</testsuite> <!-- com.tvsmobileapp.testrunner.TestRunner -->
